<?xml version="1.0" encoding="UTF-8"?>
<!-- Generated by org.testng.reporters.JUnitReportReporter -->
<testsuite hostname="GabiPolacovDell" failures="0" tests="1" name="EduIT.Laboratorio3_Ejercicio1" time="4.235" errors="0" timestamp="2023-08-03T22:31:28 ART" skipped="0">
  <testcase classname="EduIT.Laboratorio3_Ejercicio1" name="registrarUsuario" time="4.235"/>
</testsuite> <!-- EduIT.Laboratorio3_Ejercicio1 -->
