<?xml version="1.0" encoding="UTF-8"?>
<!-- Generated by org.testng.reporters.JUnitReportReporter -->
<testsuite hostname="GabiPolacovDell" failures="0" tests="2" name="pruebas.CrossBrowserTest" time="19.839" errors="0" timestamp="2023-08-03T20:58:52 ART" skipped="0">
  <testcase classname="pruebas.CrossBrowserTest" name="buscarPalabra" time="9.887"/>
  <testcase classname="pruebas.CrossBrowserTest" name="buscarPalabra" time="9.952"/>
</testsuite> <!-- pruebas.CrossBrowserTest -->
