<?xml version="1.0" encoding="UTF-8"?>
<!-- Generated by org.testng.reporters.JUnitReportReporter -->
<testsuite hostname="GabiPolacovDell" failures="0" tests="2" name="pruebas.Laboratorio4_E2" time="22.969" errors="0" timestamp="2023-09-22T18:57:36 ART" skipped="0">
  <testcase classname="pruebas.Laboratorio4_E2" name="InsertarEmail" time="6.309"/>
  <testcase classname="pruebas.Laboratorio4_E2" name="CrearCuenta" time="16.660"/>
</testsuite> <!-- pruebas.Laboratorio4_E2 -->
